<?xml version="1.0" encoding="UTF-8"?>
<!-- Generated by org.testng.reporters.JUnitXMLReporter -->
<testsuite ignored="0" hostname="Ashok" failures="0" tests="4" name="Default test" time="8.616" errors="0" timestamp="2021-02-13T19:33:44 IST">
  <testcase classname="tests.TC_07_Post_Data_Driven" name="test_Data_Driven" time="3.486"/>
  <testcase classname="tests.TC_07_Post_Data_Driven" name="test_Data_Driven" time="1.728"/>
  <testcase classname="tests.TC_07_Post_Data_Driven" name="test_Data_Driven" time="1.346"/>
  <testcase classname="tests.TC_07_Post_Data_Driven" name="test_Data_Driven" time="1.372"/>
</testsuite> <!-- Default test -->
