<?xml version="1.0" encoding="UTF-8"?>
<testsuite xmlns:xsi="http://www.w3.org/2001/XMLSchema-instance" xsi:noNamespaceSchemaLocation="https://maven.apache.org/surefire/maven-surefire-plugin/xsd/surefire-test-report-3.0.xsd" version="3.0" name="TestSuite" time="19.173" tests="10" errors="0" skipped="0" failures="1">
  <properties>
[...]
</properties>
  <testcase name="Test_ListofUsers" classname="tests.TC_01_Get_List_Users" time="2.733">
    <system-out><![CDATA[Response Body is :{"page":2,"per_page":6,"total":12,"total_pages":2,"data":[{"id":7,"email":"michael.lawson@reqres.in","first_name":"Michael","last_name":"Lawson","avatar":"https://reqres.in/img/faces/7-image.jpg"},{"id":8,"email":"lindsay.ferguson@reqres.in","first_name":"Lindsay","last_name":"Ferguson","avatar":"https://reqres.in/img/faces/8-image.jpg"},{"id":9,"email":"tobias.funke@reqres.in","first_name":"Tobias","last_name":"Funke","avatar":"https://reqres.in/img/faces/9-image.jpg"},{"id":10,"email":"byron.fields@reqres.in","first_name":"Byron","last_name":"Fields","avatar":"https://reqres.in/img/faces/10-image.jpg"},{"id":11,"email":"george.edwards@reqres.in","first_name":"George","last_name":"Edwards","avatar":"https://reqres.in/img/faces/11-image.jpg"},{"id":12,"email":"rachel.howell@reqres.in","first_name":"Rachel","last_name":"Howell","avatar":"https://reqres.in/img/faces/12-image.jpg"}],"support":{"url":"https://reqres.in/#support-heading","text":"To keep ReqRes free, contributions towards server costs are appreciated!"}}
]]></system-out>
  </testcase>
  <testcase name="Test_Specific_User" classname="tests.TC_02_Get_Specific_Users" time="1.01">
    <system-out><![CDATA[Response Body is :{"data":{"id":2,"email":"janet.weaver@reqres.in","first_name":"Janet","last_name":"Weaver","avatar":"https://reqres.in/img/faces/2-image.jpg"},"support":{"url":"https://reqres.in/#support-heading","text":"To keep ReqRes free, contributions towards server costs are appreciated!"}}
]]></system-out>
  </testcase>
  <testcase name="test_Create_User" classname="tests.TC_03_Post_Create_User" time="1.617">
    <system-out><![CDATA[Response Body is: {"name":"Lanister","job":"King","id":"293","createdAt":"2021-02-13T14:09:46.348Z"}
]]></system-out>
  </testcase>
  <testcase name="Post_Validate" classname="tests.TC_04_Post_Validate" time="1.153">
    <system-out><![CDATA[Response Body is: {"token":"QpwL5tke4Pnpja7X4"}
]]></system-out>
  </testcase>
  <testcase name="Put_Update" classname="tests.TC_05_Put_Update" time="1.205">
    <system-out><![CDATA[Response Body is: {"name":"Ash","job":"IT","updatedAt":"2021-02-13T14:09:49.072Z"}
]]></system-out>
  </testcase>
  <testcase name="delete_User" classname="tests.TC_06_Delete_User" time="1.132">
    <failure message="expected [200] but found [204]" type="java.lang.AssertionError"><![CDATA[java.lang.AssertionError: expected [200] but found [204]
	at tests.TC_06_Delete_User.delete_User(TC_06_Delete_User.java:27)
]]></failure>
    <system-out><![CDATA[Response Body is :
]]></system-out>
  </testcase>
  <testcase name="test_Data_Driven[Rey, 35000.0, 30.0](1)" classname="tests.TC_07_Post_Data_Driven" time="2.147">
    <system-out><![CDATA[Response Body is: {
  "name": "Rey",
  "salary": "35000.0",
  "age": "30.0",
  "id": 101
}
]]></system-out>
  </testcase>
  <testcase name="test_Data_Driven[UnderT, 45000.0, 31.0](2)" classname="tests.TC_07_Post_Data_Driven" time="2.319">
    <system-out><![CDATA[Response Body is: {
  "name": "UnderT",
  "salary": "45000.0",
  "age": "31.0",
  "id": 101
}
]]></system-out>
  </testcase>
  <testcase name="test_Data_Driven[Scotty, 55000.0, 31.0](3)" classname="tests.TC_07_Post_Data_Driven" time="2.251">
    <system-out><![CDATA[Response Body is: {
  "name": "Scotty",
  "salary": "55000.0",
  "age": "31.0",
  "id": 101
}
]]></system-out>
  </testcase>
  <testcase name="test_Data_Driven[Kane, 65000.0, 32.0](4)" classname="tests.TC_07_Post_Data_Driven" time="2.26">
    <system-out><![CDATA[Response Body is: {
  "name": "Kane",
  "salary": "65000.0",
  "age": "32.0",
  "id": 101
}
]]></system-out>
  </testcase>
</testsuite>