-------------------------------------------------------------------------------
Test set: TestSuite
-------------------------------------------------------------------------------
Tests run: 10, Failures: 1, Errors: 0, Skipped: 0, Time elapsed: 19.173 s <<< FAILURE! - in TestSuite
tests.TC_06_Delete_User.delete_User  Time elapsed: 1.132 s  <<< FAILURE!
java.lang.AssertionError: expected [200] but found [204]
	at tests.TC_06_Delete_User.delete_User(TC_06_Delete_User.java:27)

